#
# There is insufficient memory for the Java Runtime Environment to continue.
# Native memory allocation (malloc) failed to allocate 2536816 bytes. Error detail: Chunk::new
# Possible reasons:
#   The system is out of physical RAM or swap space
#   This process is running with CompressedOops enabled, and the Java Heap may be blocking the growth of the native heap
# Possible solutions:
#   Reduce memory load on the system
#   Increase physical memory or swap space
#   Check if swap backing store is full
#   Decrease Java heap size (-Xmx/-Xms)
#   Decrease number of Java threads
#   Decrease Java thread stack sizes (-Xss)
#   Set larger code cache with -XX:ReservedCodeCacheSize=
#   JVM is running with Unscaled Compressed Oops mode in which the Java heap is
#     placed in the first 4GB address space. The Java Heap base address is the
#     maximum limit for the native heap growth. Please use -XX:HeapBaseMinAddress
#     to set the Java Heap base and to place the Java Heap above 4GB virtual address.
# This output file may be truncated or incomplete.
#
#  Out of Memory Error (arena.cpp:168), pid=33728, tid=27480
#
# JRE version: OpenJDK Runtime Environment Temurin-21.0.9+10 (21.0.9+10) (build 21.0.9+10-LTS)
# Java VM: OpenJDK 64-Bit Server VM Temurin-21.0.9+10 (21.0.9+10-LTS, mixed mode, sharing, tiered, compressed oops, compressed class ptrs, parallel gc, windows-amd64)
# No core dump will be written. Minidumps are not enabled by default on client versions of Windows
#

---------------  S U M M A R Y ------------

Command Line: --add-modules=ALL-SYSTEM --add-opens=java.base/java.util=ALL-UNNAMED --add-opens=java.base/java.lang=ALL-UNNAMED --add-opens=java.base/sun.nio.fs=ALL-UNNAMED -Declipse.application=org.eclipse.jdt.ls.core.id1 -Dosgi.bundles.defaultStartLevel=4 -Declipse.product=org.eclipse.jdt.ls.core.product -Djava.import.generatesMetadataFilesAtProjectRoot=false -DDetectVMInstallationsJob.disabled=true -Dfile.encoding=utf8 -XX:+UseParallelGC -XX:GCTimeRatio=4 -XX:AdaptiveSizePolicyWeight=90 -Dsun.zip.disableMemoryMapping=true -Xmx2G -Xms100m -Xlog:disable -javaagent:c:\Users\User\.antigravity\extensions\redhat.java-1.52.0-win32-x64\lombok\lombok-1.18.39-4050.jar -XX:+HeapDumpOnOutOfMemoryError -XX:HeapDumpPath=c:\Users\User\AppData\Roaming\Antigravity\User\workspaceStorage\d88f9f9e4123cd8df2f724d8958c9b79\redhat.java -Daether.dependencyCollector.impl=bf c:\Users\User\.antigravity\extensions\redhat.java-1.52.0-win32-x64\server\plugins\org.eclipse.equinox.launcher_1.7.100.v20251111-0406.jar -configuration c:\Users\User\AppData\Roaming\Antigravity\User\globalStorage\redhat.java\1.52.0\config_win -data c:\Users\User\AppData\Roaming\Antigravity\User\workspaceStorage\d88f9f9e4123cd8df2f724d8958c9b79\redhat.java\jdt_ws --pipe=\\.\pipe\lsp-a32e038bbce960b8d44df616f9b9f14c-sock

Host: 13th Gen Intel(R) Core(TM) i7-13620H, 16 cores, 15G,  Windows 11 , 64 bit Build 26100 (10.0.26100.7623)
Time: Thu Feb  5 10:08:13 2026 elapsed time: 61.303697 seconds (0d 0h 1m 1s)

---------------  T H R E A D  ---------------

Current thread (0x0000018e169bbf20):  JavaThread "C2 CompilerThread1" daemon [_thread_in_native, id=27480, stack(0x00000028c5b00000,0x00000028c5c00000) (1024K)]


Current CompileTask:
C2:61303 10784       4       org.eclipse.jdt.internal.compiler.lookup.BinaryTypeBinding::createMethod (1666 bytes)

Stack: [0x00000028c5b00000,0x00000028c5c00000]
Native frames: (J=compiled Java code, j=interpreted, Vv=VM code, C=native code)
V  [jvm.dll+0x6d6e29]
V  [jvm.dll+0x8b4b76]
V  [jvm.dll+0x8b712e]
V  [jvm.dll+0x8b7813]
V  [jvm.dll+0x283d86]
V  [jvm.dll+0xc66ed]
V  [jvm.dll+0xc6c31]
V  [jvm.dll+0x3be501]
V  [jvm.dll+0x1e3b52]
V  [jvm.dll+0x24c0f3]
V  [jvm.dll+0x24b580]
V  [jvm.dll+0x1cb13e]
V  [jvm.dll+0x25b29d]
V  [jvm.dll+0x25982a]
V  [jvm.dll+0x3f7ea6]
V  [jvm.dll+0x85e9ad]
V  [jvm.dll+0x6d565d]
C  [ucrtbase.dll+0x37b0]
C  [KERNEL32.DLL+0x2e8d7]
C  [ntdll.dll+0x8c53c]


---------------  P R O C E S S  ---------------

Threads class SMR info:
_java_thread_list=0x0000018e129a5c50, length=108, elements={
0x0000018db1008150, 0x0000018db345cb40, 0x0000018e0c4a52e0, 0x0000018e0c4a8ca0,
0x0000018e0c4ab800, 0x0000018e0c4ac250, 0x0000018e0c4acca0, 0x0000018e0c4adad0,
0x0000018e0c525f00, 0x0000018e0c746880, 0x0000018e0c5d1d20, 0x0000018e1285bf60,
0x0000018e12826440, 0x0000018e120206e0, 0x0000018e12021520, 0x0000018e12150530,
0x0000018e120f4ff0, 0x0000018e0c5e8430, 0x0000018e12d068f0, 0x0000018e12d93a20,
0x0000018e12d94740, 0x0000018e12d92d00, 0x0000018e12d940b0, 0x0000018e12d92670,
0x0000018e12d94dd0, 0x0000018e12d91950, 0x0000018e12d91fe0, 0x0000018e148ad4c0,
0x0000018e148b02b0, 0x0000018e148afc20, 0x0000018e148adb50, 0x0000018e148aef00,
0x0000018e148ae1e0, 0x0000018e148ae870, 0x0000018e148af590, 0x0000018e148ace30,
0x0000018e148b0940, 0x0000018e148b1660, 0x0000018e148b0fd0, 0x0000018e148b2a10,
0x0000018e148b4450, 0x0000018e148b3dc0, 0x0000018e148b1cf0, 0x0000018e148b30a0,
0x0000018e148b3730, 0x0000018e148b2380, 0x0000018e15f86e10, 0x0000018e15f89570,
0x0000018e15f881c0, 0x0000018e15f88850, 0x0000018e15f88ee0, 0x0000018e15f86780,
0x0000018e15f89c00, 0x0000018e15f8a920, 0x0000018e15f8a290, 0x0000018e15f874a0,
0x0000018e15f8afb0, 0x0000018e15f87b30, 0x0000018e15f8b640, 0x0000018e15f8dda0,
0x0000018e15f8d080, 0x0000018e121e06d0, 0x0000018e121e0d60, 0x0000018e121e27a0,
0x0000018e121e13f0, 0x0000018e121e2110, 0x0000018e121e0040, 0x0000018e121e2e30,
0x0000018e121e34c0, 0x0000018e121e3b50, 0x0000018e121e1a80, 0x0000018e121e62b0,
0x0000018e121e7660, 0x0000018e121e41e0, 0x0000018e121e4f00, 0x0000018e121e4870,
0x0000018e121e5590, 0x0000018e121e5c20, 0x0000018e121e6940, 0x0000018e121e6fd0,
0x0000018e123ee590, 0x0000018e123edf00, 0x0000018e123ebe30, 0x0000018e123eec20,
0x0000018e123ed870, 0x0000018e123ef940, 0x0000018e123ed1e0, 0x0000018e123ec4c0,
0x0000018e123ef2b0, 0x0000018e123effd0, 0x0000018e123ecb50, 0x0000018e12fccc80,
0x0000018e169bbf20, 0x0000018e123f0cf0, 0x0000018e123f1380, 0x0000018e123f3450,
0x0000018e123f1a10, 0x0000018e123f2dc0, 0x0000018e16e98f70, 0x0000018e16e9a9b0,
0x0000018e16e99600, 0x0000018e16e9ca80, 0x0000018e16e9d110, 0x0000018e16e99c90,
0x0000018e16e9c3f0, 0x0000018e16e9d7a0, 0x0000018e16e9a320, 0x0000018e16e9e4c0
}

Java Threads: ( => current thread )
  0x0000018db1008150 JavaThread "main"                              [_thread_blocked, id=20020, stack(0x00000028c3d00000,0x00000028c3e00000) (1024K)]
  0x0000018db345cb40 JavaThread "Reference Handler"          daemon [_thread_blocked, id=31740, stack(0x00000028c4100000,0x00000028c4200000) (1024K)]
  0x0000018e0c4a52e0 JavaThread "Finalizer"                  daemon [_thread_blocked, id=27832, stack(0x00000028c4200000,0x00000028c4300000) (1024K)]
  0x0000018e0c4a8ca0 JavaThread "Signal Dispatcher"          daemon [_thread_blocked, id=4240, stack(0x00000028c4300000,0x00000028c4400000) (1024K)]
  0x0000018e0c4ab800 JavaThread "Attach Listener"            daemon [_thread_blocked, id=1992, stack(0x00000028c4400000,0x00000028c4500000) (1024K)]
  0x0000018e0c4ac250 JavaThread "Service Thread"             daemon [_thread_blocked, id=31408, stack(0x00000028c4500000,0x00000028c4600000) (1024K)]
  0x0000018e0c4acca0 JavaThread "Monitor Deflation Thread"   daemon [_thread_blocked, id=28460, stack(0x00000028c4600000,0x00000028c4700000) (1024K)]
  0x0000018e0c4adad0 JavaThread "C2 CompilerThread0"         daemon [_thread_in_native, id=32812, stack(0x00000028c4700000,0x00000028c4800000) (1024K)]
  0x0000018e0c525f00 JavaThread "C1 CompilerThread0"         daemon [_thread_blocked, id=3292, stack(0x00000028c4800000,0x00000028c4900000) (1024K)]
  0x0000018e0c746880 JavaThread "Common-Cleaner"             daemon [_thread_blocked, id=23912, stack(0x00000028c4b00000,0x00000028c4c00000) (1024K)]
  0x0000018e0c5d1d20 JavaThread "Notification Thread"        daemon [_thread_blocked, id=26216, stack(0x00000028c4a00000,0x00000028c4b00000) (1024K)]
  0x0000018e1285bf60 JavaThread "Active Thread: Equinox Container: 9dc417c0-ab41-47c1-8426-3e6b8e3f0e76"        [_thread_blocked, id=26688, stack(0x00000028c5600000,0x00000028c5700000) (1024K)]
  0x0000018e12826440 JavaThread "Refresh Thread: Equinox Container: 9dc417c0-ab41-47c1-8426-3e6b8e3f0e76" daemon [_thread_blocked, id=13004, stack(0x00000028c4900000,0x00000028c4a00000) (1024K)]
  0x0000018e120206e0 JavaThread "Framework Event Dispatcher: Equinox Container: 9dc417c0-ab41-47c1-8426-3e6b8e3f0e76" daemon [_thread_blocked, id=304, stack(0x00000028c4c00000,0x00000028c4d00000) (1024K)]
  0x0000018e12021520 JavaThread "Start Level: Equinox Container: 9dc417c0-ab41-47c1-8426-3e6b8e3f0e76" daemon [_thread_blocked, id=20756, stack(0x00000028c4d00000,0x00000028c4e00000) (1024K)]
  0x0000018e12150530 JavaThread "Bundle File Closer"         daemon [_thread_blocked, id=30048, stack(0x00000028c5a00000,0x00000028c5b00000) (1024K)]
  0x0000018e120f4ff0 JavaThread "SCR Component Actor"        daemon [_thread_blocked, id=26232, stack(0x00000028c5c00000,0x00000028c5d00000) (1024K)]
  0x0000018e0c5e8430 JavaThread "Worker-JM"                         [_thread_blocked, id=3032, stack(0x00000028c5e00000,0x00000028c5f00000) (1024K)]
  0x0000018e12d068f0 JavaThread "JNA Cleaner"                daemon [_thread_blocked, id=31256, stack(0x00000028c6200000,0x00000028c6300000) (1024K)]
  0x0000018e12d93a20 JavaThread "Worker-0"                          [_thread_blocked, id=2852, stack(0x00000028c6300000,0x00000028c6400000) (1024K)]
  0x0000018e12d94740 JavaThread "Worker-1"                          [_thread_blocked, id=16348, stack(0x00000028c6400000,0x00000028c6500000) (1024K)]
  0x0000018e12d92d00 JavaThread "Worker-2"                          [_thread_blocked, id=12672, stack(0x00000028c6100000,0x00000028c6200000) (1024K)]
  0x0000018e12d940b0 JavaThread "Java indexing"              daemon [_thread_in_native, id=7744, stack(0x00000028c6600000,0x00000028c6700000) (1024K)]
  0x0000018e12d92670 JavaThread "Worker-3: Building"                [_thread_in_native, id=23548, stack(0x00000028c6700000,0x00000028c6800000) (1024K)]
  0x0000018e12d94dd0 JavaThread "Worker-4"                          [_thread_blocked, id=31932, stack(0x00000028c6800000,0x00000028c6900000) (1024K)]
  0x0000018e12d91950 JavaThread "Worker-5"                          [_thread_blocked, id=25344, stack(0x00000028c6b00000,0x00000028c6c00000) (1024K)]
  0x0000018e12d91fe0 JavaThread "Thread-1"                   daemon [_thread_in_native, id=7136, stack(0x00000028c7100000,0x00000028c7200000) (1024K)]
  0x0000018e148ad4c0 JavaThread "Thread-2"                   daemon [_thread_in_native, id=27900, stack(0x00000028c7200000,0x00000028c7300000) (1024K)]
  0x0000018e148b02b0 JavaThread "Thread-3"                   daemon [_thread_in_native, id=18440, stack(0x00000028c7300000,0x00000028c7400000) (1024K)]
  0x0000018e148afc20 JavaThread "Thread-4"                   daemon [_thread_in_native, id=17920, stack(0x00000028c7400000,0x00000028c7500000) (1024K)]
  0x0000018e148adb50 JavaThread "Thread-5"                   daemon [_thread_in_native, id=28836, stack(0x00000028c7500000,0x00000028c7600000) (1024K)]
  0x0000018e148aef00 JavaThread "Thread-6"                   daemon [_thread_in_native, id=30440, stack(0x00000028c7600000,0x00000028c7700000) (1024K)]
  0x0000018e148ae1e0 JavaThread "Thread-7"                   daemon [_thread_in_native, id=32160, stack(0x00000028c7700000,0x00000028c7800000) (1024K)]
  0x0000018e148ae870 JavaThread "Thread-8"                   daemon [_thread_in_native, id=18692, stack(0x00000028c7800000,0x00000028c7900000) (1024K)]
  0x0000018e148af590 JavaThread "Thread-9"                   daemon [_thread_in_native, id=12708, stack(0x00000028c7900000,0x00000028c7a00000) (1024K)]
  0x0000018e148ace30 JavaThread "Thread-10"                  daemon [_thread_in_native, id=16816, stack(0x00000028c7a00000,0x00000028c7b00000) (1024K)]
  0x0000018e148b0940 JavaThread "Thread-11"                  daemon [_thread_in_native, id=19436, stack(0x00000028c7b00000,0x00000028c7c00000) (1024K)]
  0x0000018e148b1660 JavaThread "Thread-12"                  daemon [_thread_in_native, id=1864, stack(0x00000028c7c00000,0x00000028c7d00000) (1024K)]
  0x0000018e148b0fd0 JavaThread "Thread-13"                  daemon [_thread_in_native, id=13020, stack(0x00000028c7d00000,0x00000028c7e00000) (1024K)]
  0x0000018e148b2a10 JavaThread "Thread-14"                  daemon [_thread_in_native, id=28812, stack(0x00000028c7e00000,0x00000028c7f00000) (1024K)]
  0x0000018e148b4450 JavaThread "Thread-15"                  daemon [_thread_in_native, id=4916, stack(0x00000028c7f00000,0x00000028c8000000) (1024K)]
  0x0000018e148b3dc0 JavaThread "Thread-16"                  daemon [_thread_in_native, id=24288, stack(0x00000028c8000000,0x00000028c8100000) (1024K)]
  0x0000018e148b1cf0 JavaThread "Thread-17"                  daemon [_thread_in_native, id=16788, stack(0x00000028c8100000,0x00000028c8200000) (1024K)]
  0x0000018e148b30a0 JavaThread "pool-2-thread-1"                   [_thread_blocked, id=25560, stack(0x00000028c8200000,0x00000028c8300000) (1024K)]
  0x0000018e148b3730 JavaThread "ForkJoinPool.commonPool-worker-1" daemon [_thread_blocked, id=33164, stack(0x00000028c8300000,0x00000028c8400000) (1024K)]
  0x0000018e148b2380 JavaThread "ForkJoinPool.commonPool-worker-2" daemon [_thread_blocked, id=28448, stack(0x00000028c8400000,0x00000028c8500000) (1024K)]
  0x0000018e15f86e10 JavaThread "ForkJoinPool.commonPool-worker-3" daemon [_thread_blocked, id=33240, stack(0x00000028c8500000,0x00000028c8600000) (1024K)]
  0x0000018e15f89570 JavaThread "ForkJoinPool.commonPool-worker-4" daemon [_thread_blocked, id=23120, stack(0x00000028c8600000,0x00000028c8700000) (1024K)]
  0x0000018e15f881c0 JavaThread "ForkJoinPool.commonPool-worker-5" daemon [_thread_blocked, id=2596, stack(0x00000028c8700000,0x00000028c8800000) (1024K)]
  0x0000018e15f88850 JavaThread "ForkJoinPool.commonPool-worker-6" daemon [_thread_blocked, id=9476, stack(0x00000028c8800000,0x00000028c8900000) (1024K)]
  0x0000018e15f88ee0 JavaThread "ForkJoinPool.commonPool-worker-7" daemon [_thread_blocked, id=28056, stack(0x00000028c8900000,0x00000028c8a00000) (1024K)]
  0x0000018e15f86780 JavaThread "ForkJoinPool.commonPool-worker-8" daemon [_thread_blocked, id=32000, stack(0x00000028c8a00000,0x00000028c8b00000) (1024K)]
  0x0000018e15f89c00 JavaThread "ForkJoinPool.commonPool-worker-9" daemon [_thread_blocked, id=23340, stack(0x00000028c8b00000,0x00000028c8c00000) (1024K)]
  0x0000018e15f8a920 JavaThread "ForkJoinPool.commonPool-worker-10" daemon [_thread_blocked, id=10336, stack(0x00000028c8c00000,0x00000028c8d00000) (1024K)]
  0x0000018e15f8a290 JavaThread "ForkJoinPool.commonPool-worker-11" daemon [_thread_blocked, id=18652, stack(0x00000028c8d00000,0x00000028c8e00000) (1024K)]
  0x0000018e15f874a0 JavaThread "ForkJoinPool.commonPool-worker-12" daemon [_thread_blocked, id=25740, stack(0x00000028c8e00000,0x00000028c8f00000) (1024K)]
  0x0000018e15f8afb0 JavaThread "ForkJoinPool.commonPool-worker-13" daemon [_thread_blocked, id=31984, stack(0x00000028c8f00000,0x00000028c9000000) (1024K)]
  0x0000018e15f87b30 JavaThread "ForkJoinPool.commonPool-worker-14" daemon [_thread_blocked, id=32448, stack(0x00000028c9000000,0x00000028c9100000) (1024K)]
  0x0000018e15f8b640 JavaThread "ForkJoinPool.commonPool-worker-15" daemon [_thread_blocked, id=27996, stack(0x00000028c9100000,0x00000028c9200000) (1024K)]
  0x0000018e15f8dda0 JavaThread "WorkspaceEventsHandler"            [_thread_blocked, id=19024, stack(0x00000028c9200000,0x00000028c9300000) (1024K)]
  0x0000018e15f8d080 JavaThread "pool-1-thread-1"                   [_thread_blocked, id=9260, stack(0x00000028c9300000,0x00000028c9400000) (1024K)]
  0x0000018e121e06d0 JavaThread "LocalFile Deleter"          daemon [_thread_blocked, id=19244, stack(0x00000028c6500000,0x00000028c6600000) (1024K)]
  0x0000018e121e0d60 JavaThread "LocalFile Deleter"          daemon [_thread_blocked, id=33940, stack(0x00000028c6c00000,0x00000028c6d00000) (1024K)]
  0x0000018e121e27a0 JavaThread "LocalFile Deleter"          daemon [_thread_blocked, id=33812, stack(0x00000028c6d00000,0x00000028c6e00000) (1024K)]
  0x0000018e121e13f0 JavaThread "LocalFile Deleter"          daemon [_thread_blocked, id=33824, stack(0x00000028c6e00000,0x00000028c6f00000) (1024K)]
  0x0000018e121e2110 JavaThread "LocalFile Deleter"          daemon [_thread_blocked, id=33828, stack(0x00000028c6f00000,0x00000028c7000000) (1024K)]
  0x0000018e121e0040 JavaThread "LocalFile Deleter"          daemon [_thread_blocked, id=33832, stack(0x00000028c7000000,0x00000028c7100000) (1024K)]
  0x0000018e121e2e30 JavaThread "LocalFile Deleter"          daemon [_thread_blocked, id=33844, stack(0x00000028c9400000,0x00000028c9500000) (1024K)]
  0x0000018e121e34c0 JavaThread "LocalFile Deleter"          daemon [_thread_blocked, id=31864, stack(0x00000028c9500000,0x00000028c9600000) (1024K)]
  0x0000018e121e3b50 JavaThread "LocalFile Deleter"          daemon [_thread_blocked, id=33992, stack(0x00000028c9600000,0x00000028c9700000) (1024K)]
  0x0000018e121e1a80 JavaThread "LocalFile Deleter"          daemon [_thread_blocked, id=1680, stack(0x00000028c9700000,0x00000028c9800000) (1024K)]
  0x0000018e121e62b0 JavaThread "LocalFile Deleter"          daemon [_thread_blocked, id=33600, stack(0x00000028c9800000,0x00000028c9900000) (1024K)]
  0x0000018e121e7660 JavaThread "LocalFile Deleter"          daemon [_thread_blocked, id=33876, stack(0x00000028c9900000,0x00000028c9a00000) (1024K)]
  0x0000018e121e41e0 JavaThread "LocalFile Deleter"          daemon [_thread_blocked, id=8144, stack(0x00000028c9a00000,0x00000028c9b00000) (1024K)]
  0x0000018e121e4f00 JavaThread "LocalFile Deleter"          daemon [_thread_blocked, id=19072, stack(0x00000028c9b00000,0x00000028c9c00000) (1024K)]
  0x0000018e121e4870 JavaThread "LocalFile Deleter"          daemon [_thread_blocked, id=19660, stack(0x00000028c9c00000,0x00000028c9d00000) (1024K)]
  0x0000018e121e5590 JavaThread "LocalFile Deleter"          daemon [_thread_blocked, id=21328, stack(0x00000028c9d00000,0x00000028c9e00000) (1024K)]
  0x0000018e121e5c20 JavaThread "Compiler Source File Reader" daemon [_thread_blocked, id=33808, stack(0x00000028c9e00000,0x00000028c9f00000) (1024K)]
  0x0000018e121e6940 JavaThread "Compiler Source File Reader" daemon [_thread_blocked, id=7320, stack(0x00000028c9f00000,0x00000028ca000000) (1024K)]
  0x0000018e121e6fd0 JavaThread "Compiler Source File Reader" daemon [_thread_blocked, id=23112, stack(0x00000028ca000000,0x00000028ca100000) (1024K)]
  0x0000018e123ee590 JavaThread "Compiler Source File Reader" daemon [_thread_blocked, id=33796, stack(0x00000028ca100000,0x00000028ca200000) (1024K)]
  0x0000018e123edf00 JavaThread "Compiler Source File Reader" daemon [_thread_blocked, id=5344, stack(0x00000028ca200000,0x00000028ca300000) (1024K)]
  0x0000018e123ebe30 JavaThread "Compiler Source File Reader" daemon [_thread_blocked, id=34012, stack(0x00000028ca300000,0x00000028ca400000) (1024K)]
  0x0000018e123eec20 JavaThread "Compiler Source File Reader" daemon [_thread_blocked, id=33972, stack(0x00000028ca400000,0x00000028ca500000) (1024K)]
  0x0000018e123ed870 JavaThread "Compiler Source File Reader" daemon [_thread_blocked, id=33980, stack(0x00000028ca500000,0x00000028ca600000) (1024K)]
  0x0000018e123ef940 JavaThread "Compiler Source File Reader" daemon [_thread_blocked, id=33984, stack(0x00000028ca600000,0x00000028ca700000) (1024K)]
  0x0000018e123ed1e0 JavaThread "Compiler Source File Reader" daemon [_thread_blocked, id=33988, stack(0x00000028ca700000,0x00000028ca800000) (1024K)]
  0x0000018e123ec4c0 JavaThread "Compiler Source File Reader" daemon [_thread_blocked, id=33996, stack(0x00000028ca800000,0x00000028ca900000) (1024K)]
  0x0000018e123ef2b0 JavaThread "Compiler Source File Reader" daemon [_thread_blocked, id=33948, stack(0x00000028ca900000,0x00000028caa00000) (1024K)]
  0x0000018e123effd0 JavaThread "Compiler Source File Reader" daemon [_thread_blocked, id=33860, stack(0x00000028caa00000,0x00000028cab00000) (1024K)]
  0x0000018e123ecb50 JavaThread "Compiler Source File Reader" daemon [_thread_blocked, id=33864, stack(0x00000028cab00000,0x00000028cac00000) (1024K)]
  0x0000018e12fccc80 JavaThread "C1 CompilerThread1"         daemon [_thread_blocked, id=34080, stack(0x00000028c5800000,0x00000028c5900000) (1024K)]
=>0x0000018e169bbf20 JavaThread "C2 CompilerThread1"         daemon [_thread_in_native, id=27480, stack(0x00000028c5b00000,0x00000028c5c00000) (1024K)]
  0x0000018e123f0cf0 JavaThread "Compiler Processing Task"   daemon [_thread_blocked, id=34768, stack(0x00000028cac00000,0x00000028cad00000) (1024K)]
  0x0000018e123f1380 JavaThread "Compiler Class File Writer" daemon [_thread_blocked, id=34692, stack(0x00000028c5d00000,0x00000028c5e00000) (1024K)]
  0x0000018e123f3450 JavaThread "Compiler Class File Writer" daemon [_thread_blocked, id=34564, stack(0x00000028cad00000,0x00000028cae00000) (1024K)]
  0x0000018e123f1a10 JavaThread "Compiler Class File Writer" daemon [_thread_blocked, id=34352, stack(0x00000028cae00000,0x00000028caf00000) (1024K)]
  0x0000018e123f2dc0 JavaThread "Compiler Class File Writer" daemon [_thread_blocked, id=27292, stack(0x00000028caf00000,0x00000028cb000000) (1024K)]
  0x0000018e16e98f70 JavaThread "Compiler Class File Writer" daemon [_thread_blocked, id=6460, stack(0x00000028cb000000,0x00000028cb100000) (1024K)]
  0x0000018e16e9a9b0 JavaThread "Compiler Class File Writer" daemon [_thread_blocked, id=24724, stack(0x00000028cb100000,0x00000028cb200000) (1024K)]
  0x0000018e16e99600 JavaThread "Compiler Class File Writer" daemon [_thread_blocked, id=3176, stack(0x00000028cb200000,0x00000028cb300000) (1024K)]
  0x0000018e16e9ca80 JavaThread "Compiler Class File Writer" daemon [_thread_blocked, id=27384, stack(0x00000028cb300000,0x00000028cb400000) (1024K)]
  0x0000018e16e9d110 JavaThread "Compiler Class File Writer" daemon [_thread_blocked, id=29200, stack(0x00000028cb400000,0x00000028cb500000) (1024K)]
  0x0000018e16e99c90 JavaThread "Compiler Class File Writer" daemon [_thread_blocked, id=22712, stack(0x00000028cb500000,0x00000028cb600000) (1024K)]
  0x0000018e16e9c3f0 JavaThread "Compiler Class File Writer" daemon [_thread_blocked, id=3360, stack(0x00000028cb600000,0x00000028cb700000) (1024K)]
  0x0000018e16e9d7a0 JavaThread "Compiler Class File Writer" daemon [_thread_blocked, id=33880, stack(0x00000028cb700000,0x00000028cb800000) (1024K)]
  0x0000018e16e9a320 JavaThread "Compiler Class File Writer" daemon [_thread_blocked, id=34264, stack(0x00000028cb800000,0x00000028cb900000) (1024K)]
  0x0000018e16e9e4c0 JavaThread "Compiler Class File Writer" daemon [_thread_blocked, id=34272, stack(0x00000028cb900000,0x00000028cba00000) (1024K)]
Total: 108

Other Threads:
  0x0000018db34447d0 VMThread "VM Thread"                           [id=33264, stack(0x00000028c4000000,0x00000028c4100000) (1024K)]
  0x0000018db333ca00 WatcherThread "VM Periodic Task Thread"        [id=25372, stack(0x00000028c3f00000,0x00000028c4000000) (1024K)]
  0x0000018db34ca9f0 WorkerThread "GC Thread#0"                     [id=18244, stack(0x00000028c3e00000,0x00000028c3f00000) (1024K)]
  0x0000018e12208760 WorkerThread "GC Thread#1"                     [id=20028, stack(0x00000028c4e00000,0x00000028c4f00000) (1024K)]
  0x0000018e12208b00 WorkerThread "GC Thread#2"                     [id=29880, stack(0x00000028c4f00000,0x00000028c5000000) (1024K)]
  0x0000018e127cf8b0 WorkerThread "GC Thread#3"                     [id=32284, stack(0x00000028c5000000,0x00000028c5100000) (1024K)]
  0x0000018e127cfc50 WorkerThread "GC Thread#4"                     [id=30152, stack(0x00000028c5100000,0x00000028c5200000) (1024K)]
  0x0000018e127cfff0 WorkerThread "GC Thread#5"                     [id=23580, stack(0x00000028c5200000,0x00000028c5300000) (1024K)]
  0x0000018e127d0390 WorkerThread "GC Thread#6"                     [id=18920, stack(0x00000028c5300000,0x00000028c5400000) (1024K)]
  0x0000018e1280a0a0 WorkerThread "GC Thread#7"                     [id=14472, stack(0x00000028c5400000,0x00000028c5500000) (1024K)]
  0x0000018e1220bd00 WorkerThread "GC Thread#8"                     [id=33412, stack(0x00000028c3b00000,0x00000028c3c00000) (1024K)]
  0x0000018e1220b5c0 WorkerThread "GC Thread#9"                     [id=33324, stack(0x00000028c5500000,0x00000028c5600000) (1024K)]
  0x0000018e1220b960 WorkerThread "GC Thread#10"                    [id=11464, stack(0x00000028c5700000,0x00000028c5800000) (1024K)]
  0x0000018e1220c7e0 WorkerThread "GC Thread#11"                    [id=21080, stack(0x00000028c5f00000,0x00000028c6000000) (1024K)]
  0x0000018e1220b220 WorkerThread "GC Thread#12"                    [id=30232, stack(0x00000028c6000000,0x00000028c6100000) (1024K)]
Total: 15

Threads with active compile tasks:
C2 CompilerThread0  61417 10996 %     4       java.util.zip.ZipFile$Source::initCEN @ 261 (612 bytes)
C2 CompilerThread1  61418 10784       4       org.eclipse.jdt.internal.compiler.lookup.BinaryTypeBinding::createMethod (1666 bytes)
Total: 2

VM state: not at safepoint (normal execution)

VM Mutex/Monitor currently owned by a thread: None

Heap address: 0x0000000080000000, size: 2048 MB, Compressed Oops mode: 32-bit

CDS archive(s) mapped at: [0x0000018dca000000-0x0000018dcaba0000-0x0000018dcaba0000), size 12189696, SharedBaseAddress: 0x0000018dca000000, ArchiveRelocationMode: 1.
Compressed class space mapped at: 0x0000018dcb000000-0x0000018e0b000000, reserved size: 1073741824
Narrow klass base: 0x0000018dca000000, Narrow klass shift: 0, Narrow klass range: 0x100000000

GC Precious Log:
 CardTable entry size: 512
 CPUs: 16 total, 16 available
 Memory: 16087M
 Large Page Support: Disabled
 NUMA Support: Disabled
 Compressed Oops: Enabled (32-bit)
 Alignments: Space 512K, Generation 512K, Heap 2M
 Heap Min Capacity: 100M
 Heap Initial Capacity: 100M
 Heap Max Capacity: 2G
 Pre-touch: Disabled
 Parallel Workers: 13

Heap:
 PSYoungGen      total 16384K, used 5234K [0x00000000d5580000, 0x00000000d7180000, 0x0000000100000000)
  eden space 14336K, 22% used [0x00000000d5580000,0x00000000d58a0dd0,0x00000000d6380000)
  from space 2048K, 99% used [0x00000000d6380000,0x00000000d657bbf8,0x00000000d6580000)
  to   space 7168K, 0% used [0x00000000d6a80000,0x00000000d6a80000,0x00000000d7180000)
 ParOldGen       total 68608K, used 60997K [0x0000000080000000, 0x0000000084300000, 0x00000000d5580000)
  object space 68608K, 88% used [0x0000000080000000,0x0000000083b91748,0x0000000084300000)
 Metaspace       used 65632K, committed 66816K, reserved 1114112K
  class space    used 7047K, committed 7616K, reserved 1048576K

Card table byte_map: [0x0000018db2e50000,0x0000018db3260000] _byte_map_base: 0x0000018db2a50000

Marking Bits: (ParMarkBitMap*) 0x00007fffaf672460
 Begin Bits: [0x0000018dc5960000, 0x0000018dc7960000)
 End Bits:   [0x0000018dc7960000, 0x0000018dc9960000)

Polling page: 0x0000018db1310000

Metaspace:

Usage:
  Non-class:     57.21 MB used.
      Class:      6.88 MB used.
       Both:     64.09 MB used.

Virtual space:
  Non-class space:       64.00 MB reserved,      57.81 MB ( 90%) committed,  1 nodes.
      Class space:        1.00 GB reserved,       7.44 MB ( <1%) committed,  1 nodes.
             Both:        1.06 GB reserved,      65.25 MB (  6%) committed. 

Chunk freelists:
   Non-Class:  5.75 MB
       Class:  8.50 MB
        Both:  14.25 MB

MaxMetaspaceSize: unlimited
CompressedClassSpaceSize: 1.00 GB
Initial GC threshold: 21.00 MB
Current GC threshold: 97.31 MB
CDS: on
 - commit_granule_bytes: 65536.
 - commit_granule_words: 8192.
 - virtual_space_node_default_size: 8388608.
 - enlarge_chunks_in_place: 1.
 - use_allocation_guard: 0.


Internal statistics:

num_allocs_failed_limit: 9.
num_arena_births: 1102.
num_arena_deaths: 14.
num_vsnodes_births: 2.
num_vsnodes_deaths: 0.
num_space_committed: 1043.
num_space_uncommitted: 0.
num_chunks_returned_to_freelist: 23.
num_chunks_taken_from_freelist: 4095.
num_chunk_merges: 12.
num_chunk_splits: 2558.
num_chunks_enlarged: 1442.
num_inconsistent_stats: 0.

CodeHeap 'non-profiled nmethods': size=119168Kb used=7145Kb max_used=7145Kb free=112022Kb
 bounds [0x0000018dbe250000, 0x0000018dbe950000, 0x0000018dc56b0000]
CodeHeap 'profiled nmethods': size=119104Kb used=23878Kb max_used=23878Kb free=95226Kb
 bounds [0x0000018db66b0000, 0x0000018db7e10000, 0x0000018dbdb00000]
CodeHeap 'non-nmethods': size=7488Kb used=1991Kb max_used=3141Kb free=5496Kb
 bounds [0x0000018dbdb00000, 0x0000018dbde20000, 0x0000018dbe250000]
CodeCache: size=245760Kb, used=33014Kb, max_used=34164Kb, free=212744Kb
 total_blobs=10802, nmethods=10055, adapters=652, full_count=0
Compilation: enabled, stopped_count=0, restarted_count=0

Compilation events (20 events):
Event: 60.058 Thread 0x0000018e0c4adad0 nmethod 10967 0x0000018dbe947690 code [0x0000018dbe947860, 0x0000018dbe947e28]
Event: 60.060 Thread 0x0000018e0c525f00 10968       3       org.eclipse.jdt.internal.core.index.FileIndexLocation::getInputStream (12 bytes)
Event: 60.060 Thread 0x0000018e0c525f00 nmethod 10968 0x0000018db7df0010 code [0x0000018db7df01c0, 0x0000018db7df0370]
Event: 60.087 Thread 0x0000018e0c4adad0 10969       4       java.util.HashSet::<init> (16 bytes)
Event: 60.089 Thread 0x0000018e0c4adad0 nmethod 10969 0x0000018dbe948010 code [0x0000018dbe9481a0, 0x0000018dbe9482b8]
Event: 60.115 Thread 0x0000018e12fccc80 10970       3       org.eclipse.jdt.internal.compiler.impl.CompilerOptions::updateSeverity (158 bytes)
Event: 60.116 Thread 0x0000018e12fccc80 nmethod 10970 0x0000018db7df0410 code [0x0000018db7df0700, 0x0000018db7df0ed0]
Event: 60.135 Thread 0x0000018e0c4adad0 10971       4       jdk.internal.misc.Unsafe::checkNativeAddress (28 bytes)
Event: 60.136 Thread 0x0000018e0c4adad0 nmethod 10971 0x0000018dbe948390 code [0x0000018dbe948520, 0x0000018dbe9485a8]
Event: 60.143 Thread 0x0000018e15dd3f40 10972       3       org.eclipse.core.internal.resources.Container::findMember (7 bytes)
Event: 60.143 Thread 0x0000018e15dd3f40 nmethod 10972 0x0000018db7df1290 code [0x0000018db7df1440, 0x0000018db7df1608]
Event: 60.143 Thread 0x0000018e12fccc80 10973       3       org.eclipse.core.internal.resources.Container::findMember (43 bytes)
Event: 60.144 Thread 0x0000018e12fccc80 nmethod 10973 0x0000018db7df1710 code [0x0000018db7df1900, 0x0000018db7df1dd8]
Event: 60.467 Thread 0x0000018e0c4adad0 10974       4       java.lang.String::startsWith (7 bytes)
Event: 60.483 Thread 0x0000018e12fccc80 10975       3       java.util.Set::copyOf (40 bytes)
Event: 60.484 Thread 0x0000018e12fccc80 nmethod 10975 0x0000018db7df2090 code [0x0000018db7df2300, 0x0000018db7df2f40]
Event: 60.627 Thread 0x0000018e12fccc80 10977       1       sun.nio.fs.WindowsFileAttributes::size (5 bytes)
Event: 60.627 Thread 0x0000018e12fccc80 nmethod 10977 0x0000018dbe948690 code [0x0000018dbe948820, 0x0000018dbe9488e8]
Event: 60.755 Thread 0x0000018e0c525f00 10978       3       org.eclipse.jdt.internal.core.builder.ClasspathLocation::getModulesDeclaringPackage (11 bytes)
Event: 60.755 Thread 0x0000018e0c525f00 nmethod 10978 0x0000018db7df3210 code [0x0000018db7df33c0, 0x0000018db7df3658]

GC Heap History (20 events):
Event: 51.961 GC heap before
{Heap before GC invocations=34 (full 2):
 PSYoungGen      total 17408K, used 17075K [0x00000000d5580000, 0x00000000d6c80000, 0x0000000100000000)
  eden space 15872K, 100% used [0x00000000d5580000,0x00000000d6500000,0x00000000d6500000)
  from space 1536K, 78% used [0x00000000d6500000,0x00000000d662ccd0,0x00000000d6680000)
  to   space 3072K, 0% used [0x00000000d6980000,0x00000000d6980000,0x00000000d6c80000)
 ParOldGen       total 68608K, used 56543K [0x0000000080000000, 0x0000000084300000, 0x00000000d5580000)
  object space 68608K, 82% used [0x0000000080000000,0x0000000083737d20,0x0000000084300000)
 Metaspace       used 54650K, committed 55936K, reserved 1114112K
  class space    used 5830K, committed 6400K, reserved 1048576K
}
Event: 51.963 GC heap after
{Heap after GC invocations=34 (full 2):
 PSYoungGen      total 16384K, used 160K [0x00000000d5580000, 0x00000000d6a00000, 0x0000000100000000)
  eden space 15872K, 0% used [0x00000000d5580000,0x00000000d5580000,0x00000000d6500000)
  from space 512K, 31% used [0x00000000d6980000,0x00000000d69a8000,0x00000000d6a00000)
  to   space 1024K, 0% used [0x00000000d6800000,0x00000000d6800000,0x00000000d6900000)
 ParOldGen       total 68608K, used 56768K [0x0000000080000000, 0x0000000084300000, 0x00000000d5580000)
  object space 68608K, 82% used [0x0000000080000000,0x0000000083770330,0x0000000084300000)
 Metaspace       used 54650K, committed 55936K, reserved 1114112K
  class space    used 5830K, committed 6400K, reserved 1048576K
}
Event: 52.557 GC heap before
{Heap before GC invocations=35 (full 2):
 PSYoungGen      total 16384K, used 16032K [0x00000000d5580000, 0x00000000d6a00000, 0x0000000100000000)
  eden space 15872K, 100% used [0x00000000d5580000,0x00000000d6500000,0x00000000d6500000)
  from space 512K, 31% used [0x00000000d6980000,0x00000000d69a8000,0x00000000d6a00000)
  to   space 1024K, 0% used [0x00000000d6800000,0x00000000d6800000,0x00000000d6900000)
 ParOldGen       total 68608K, used 56768K [0x0000000080000000, 0x0000000084300000, 0x00000000d5580000)
  object space 68608K, 82% used [0x0000000080000000,0x0000000083770330,0x0000000084300000)
 Metaspace       used 55772K, committed 57088K, reserved 1114112K
  class space    used 5935K, committed 6528K, reserved 1048576K
}
Event: 52.559 GC heap after
{Heap after GC invocations=35 (full 2):
 PSYoungGen      total 16896K, used 1024K [0x00000000d5580000, 0x00000000d6a00000, 0x0000000100000000)
  eden space 15872K, 0% used [0x00000000d5580000,0x00000000d5580000,0x00000000d6500000)
  from space 1024K, 100% used [0x00000000d6800000,0x00000000d6900000,0x00000000d6900000)
  to   space 1024K, 0% used [0x00000000d6900000,0x00000000d6900000,0x00000000d6a00000)
 ParOldGen       total 68608K, used 56816K [0x0000000080000000, 0x0000000084300000, 0x00000000d5580000)
  object space 68608K, 82% used [0x0000000080000000,0x000000008377c330,0x0000000084300000)
 Metaspace       used 55772K, committed 57088K, reserved 1114112K
  class space    used 5935K, committed 6528K, reserved 1048576K
}
Event: 54.332 GC heap before
{Heap before GC invocations=36 (full 2):
 PSYoungGen      total 16896K, used 16896K [0x00000000d5580000, 0x00000000d6a00000, 0x0000000100000000)
  eden space 15872K, 100% used [0x00000000d5580000,0x00000000d6500000,0x00000000d6500000)
  from space 1024K, 100% used [0x00000000d6800000,0x00000000d6900000,0x00000000d6900000)
  to   space 1024K, 0% used [0x00000000d6900000,0x00000000d6900000,0x00000000d6a00000)
 ParOldGen       total 68608K, used 56816K [0x0000000080000000, 0x0000000084300000, 0x00000000d5580000)
  object space 68608K, 82% used [0x0000000080000000,0x000000008377c330,0x0000000084300000)
 Metaspace       used 56877K, committed 58112K, reserved 1114112K
  class space    used 6019K, committed 6592K, reserved 1048576K
}
Event: 54.336 GC heap after
{Heap after GC invocations=36 (full 2):
 PSYoungGen      total 16896K, used 1024K [0x00000000d5580000, 0x00000000d6b00000, 0x0000000100000000)
  eden space 15872K, 0% used [0x00000000d5580000,0x00000000d5580000,0x00000000d6500000)
  from space 1024K, 100% used [0x00000000d6900000,0x00000000d6a00000,0x00000000d6a00000)
  to   space 3072K, 0% used [0x00000000d6500000,0x00000000d6500000,0x00000000d6800000)
 ParOldGen       total 68608K, used 58144K [0x0000000080000000, 0x0000000084300000, 0x00000000d5580000)
  object space 68608K, 84% used [0x0000000080000000,0x00000000838c8278,0x0000000084300000)
 Metaspace       used 56877K, committed 58112K, reserved 1114112K
  class space    used 6019K, committed 6592K, reserved 1048576K
}
Event: 55.360 GC heap before
{Heap before GC invocations=37 (full 2):
 PSYoungGen      total 16896K, used 16896K [0x00000000d5580000, 0x00000000d6b00000, 0x0000000100000000)
  eden space 15872K, 100% used [0x00000000d5580000,0x00000000d6500000,0x00000000d6500000)
  from space 1024K, 100% used [0x00000000d6900000,0x00000000d6a00000,0x00000000d6a00000)
  to   space 3072K, 0% used [0x00000000d6500000,0x00000000d6500000,0x00000000d6800000)
 ParOldGen       total 68608K, used 58144K [0x0000000080000000, 0x0000000084300000, 0x00000000d5580000)
  object space 68608K, 84% used [0x0000000080000000,0x00000000838c8278,0x0000000084300000)
 Metaspace       used 58461K, committed 59776K, reserved 1114112K
  class space    used 6200K, committed 6784K, reserved 1048576K
}
Event: 55.368 GC heap after
{Heap after GC invocations=37 (full 2):
 PSYoungGen      total 17920K, used 1690K [0x00000000d5580000, 0x00000000d6980000, 0x0000000100000000)
  eden space 15872K, 0% used [0x00000000d5580000,0x00000000d5580000,0x00000000d6500000)
  from space 2048K, 82% used [0x00000000d6500000,0x00000000d66a6a00,0x00000000d6700000)
  to   space 2048K, 0% used [0x00000000d6780000,0x00000000d6780000,0x00000000d6980000)
 ParOldGen       total 68608K, used 59138K [0x0000000080000000, 0x0000000084300000, 0x00000000d5580000)
  object space 68608K, 86% used [0x0000000080000000,0x00000000839c0950,0x0000000084300000)
 Metaspace       used 58461K, committed 59776K, reserved 1114112K
  class space    used 6200K, committed 6784K, reserved 1048576K
}
Event: 55.435 GC heap before
{Heap before GC invocations=38 (full 2):
 PSYoungGen      total 17920K, used 3029K [0x00000000d5580000, 0x00000000d6980000, 0x0000000100000000)
  eden space 15872K, 8% used [0x00000000d5580000,0x00000000d56cec20,0x00000000d6500000)
  from space 2048K, 82% used [0x00000000d6500000,0x00000000d66a6a00,0x00000000d6700000)
  to   space 2048K, 0% used [0x00000000d6780000,0x00000000d6780000,0x00000000d6980000)
 ParOldGen       total 68608K, used 59138K [0x0000000080000000, 0x0000000084300000, 0x00000000d5580000)
  object space 68608K, 86% used [0x0000000080000000,0x00000000839c0950,0x0000000084300000)
 Metaspace       used 58524K, committed 59776K, reserved 1114112K
  class space    used 6208K, committed 6784K, reserved 1048576K
}
Event: 55.438 GC heap after
{Heap after GC invocations=38 (full 2):
 PSYoungGen      total 16384K, used 475K [0x00000000d5580000, 0x00000000d6800000, 0x0000000100000000)
  eden space 15872K, 0% used [0x00000000d5580000,0x00000000d5580000,0x00000000d6500000)
  from space 512K, 92% used [0x00000000d6780000,0x00000000d67f6cc8,0x00000000d6800000)
  to   space 1024K, 0% used [0x00000000d6600000,0x00000000d6600000,0x00000000d6700000)
 ParOldGen       total 68608K, used 60554K [0x0000000080000000, 0x0000000084300000, 0x00000000d5580000)
  object space 68608K, 88% used [0x0000000080000000,0x0000000083b22b30,0x0000000084300000)
 Metaspace       used 58524K, committed 59776K, reserved 1114112K
  class space    used 6208K, committed 6784K, reserved 1048576K
}
Event: 55.438 GC heap before
{Heap before GC invocations=39 (full 3):
 PSYoungGen      total 16384K, used 475K [0x00000000d5580000, 0x00000000d6800000, 0x0000000100000000)
  eden space 15872K, 0% used [0x00000000d5580000,0x00000000d5580000,0x00000000d6500000)
  from space 512K, 92% used [0x00000000d6780000,0x00000000d67f6cc8,0x00000000d6800000)
  to   space 1024K, 0% used [0x00000000d6600000,0x00000000d6600000,0x00000000d6700000)
 ParOldGen       total 68608K, used 60554K [0x0000000080000000, 0x0000000084300000, 0x00000000d5580000)
  object space 68608K, 88% used [0x0000000080000000,0x0000000083b22b30,0x0000000084300000)
 Metaspace       used 58524K, committed 59776K, reserved 1114112K
  class space    used 6208K, committed 6784K, reserved 1048576K
}
Event: 55.580 GC heap after
{Heap after GC invocations=39 (full 3):
 PSYoungGen      total 16384K, used 0K [0x00000000d5580000, 0x00000000d6800000, 0x0000000100000000)
  eden space 15872K, 0% used [0x00000000d5580000,0x00000000d5580000,0x00000000d6500000)
  from space 512K, 0% used [0x00000000d6780000,0x00000000d6780000,0x00000000d6800000)
  to   space 1024K, 0% used [0x00000000d6600000,0x00000000d6600000,0x00000000d6700000)
 ParOldGen       total 68608K, used 52740K [0x0000000080000000, 0x0000000084300000, 0x00000000d5580000)
  object space 68608K, 76% used [0x0000000080000000,0x00000000833810d0,0x0000000084300000)
 Metaspace       used 58524K, committed 59776K, reserved 1114112K
  class space    used 6208K, committed 6784K, reserved 1048576K
}
Event: 56.579 GC heap before
{Heap before GC invocations=40 (full 3):
 PSYoungGen      total 16384K, used 15872K [0x00000000d5580000, 0x00000000d6800000, 0x0000000100000000)
  eden space 15872K, 100% used [0x00000000d5580000,0x00000000d6500000,0x00000000d6500000)
  from space 512K, 0% used [0x00000000d6780000,0x00000000d6780000,0x00000000d6800000)
  to   space 1024K, 0% used [0x00000000d6600000,0x00000000d6600000,0x00000000d6700000)
 ParOldGen       total 68608K, used 52740K [0x0000000080000000, 0x0000000084300000, 0x00000000d5580000)
  object space 68608K, 76% used [0x0000000080000000,0x00000000833810d0,0x0000000084300000)
 Metaspace       used 60919K, committed 62208K, reserved 1114112K
  class space    used 6520K, committed 7104K, reserved 1048576K
}
Event: 56.581 GC heap after
{Heap after GC invocations=40 (full 3):
 PSYoungGen      total 16896K, used 1008K [0x00000000d5580000, 0x00000000d6900000, 0x0000000100000000)
  eden space 15872K, 0% used [0x00000000d5580000,0x00000000d5580000,0x00000000d6500000)
  from space 1024K, 98% used [0x00000000d6600000,0x00000000d66fc010,0x00000000d6700000)
  to   space 2048K, 0% used [0x00000000d6700000,0x00000000d6700000,0x00000000d6900000)
 ParOldGen       total 68608K, used 53291K [0x0000000080000000, 0x0000000084300000, 0x00000000d5580000)
  object space 68608K, 77% used [0x0000000080000000,0x000000008340ad30,0x0000000084300000)
 Metaspace       used 60919K, committed 62208K, reserved 1114112K
  class space    used 6520K, committed 7104K, reserved 1048576K
}
Event: 57.252 GC heap before
{Heap before GC invocations=41 (full 3):
 PSYoungGen      total 16896K, used 16880K [0x00000000d5580000, 0x00000000d6900000, 0x0000000100000000)
  eden space 15872K, 100% used [0x00000000d5580000,0x00000000d6500000,0x00000000d6500000)
  from space 1024K, 98% used [0x00000000d6600000,0x00000000d66fc010,0x00000000d6700000)
  to   space 2048K, 0% used [0x00000000d6700000,0x00000000d6700000,0x00000000d6900000)
 ParOldGen       total 68608K, used 53291K [0x0000000080000000, 0x0000000084300000, 0x00000000d5580000)
  object space 68608K, 77% used [0x0000000080000000,0x000000008340ad30,0x0000000084300000)
 Metaspace       used 63138K, committed 64384K, reserved 1114112K
  class space    used 6842K, committed 7424K, reserved 1048576K
}
Event: 57.257 GC heap after
{Heap after GC invocations=41 (full 3):
 PSYoungGen      total 16384K, used 2032K [0x00000000d5580000, 0x00000000d6c00000, 0x0000000100000000)
  eden space 14336K, 0% used [0x00000000d5580000,0x00000000d5580000,0x00000000d6380000)
  from space 2048K, 99% used [0x00000000d6700000,0x00000000d68fc010,0x00000000d6900000)
  to   space 3584K, 0% used [0x00000000d6380000,0x00000000d6380000,0x00000000d6700000)
 ParOldGen       total 68608K, used 54255K [0x0000000080000000, 0x0000000084300000, 0x00000000d5580000)
  object space 68608K, 79% used [0x0000000080000000,0x00000000834fbca0,0x0000000084300000)
 Metaspace       used 63138K, committed 64384K, reserved 1114112K
  class space    used 6842K, committed 7424K, reserved 1048576K
}
Event: 58.092 GC heap before
{Heap before GC invocations=42 (full 3):
 PSYoungGen      total 16384K, used 16368K [0x00000000d5580000, 0x00000000d6c00000, 0x0000000100000000)
  eden space 14336K, 100% used [0x00000000d5580000,0x00000000d6380000,0x00000000d6380000)
  from space 2048K, 99% used [0x00000000d6700000,0x00000000d68fc010,0x00000000d6900000)
  to   space 3584K, 0% used [0x00000000d6380000,0x00000000d6380000,0x00000000d6700000)
 ParOldGen       total 68608K, used 54255K [0x0000000080000000, 0x0000000084300000, 0x00000000d5580000)
  object space 68608K, 79% used [0x0000000080000000,0x00000000834fbca0,0x0000000084300000)
 Metaspace       used 63763K, committed 65024K, reserved 1114112K
  class space    used 6886K, committed 7488K, reserved 1048576K
}
Event: 58.096 GC heap after
{Heap after GC invocations=42 (full 3):
 PSYoungGen      total 15872K, used 1271K [0x00000000d5580000, 0x00000000d6780000, 0x0000000100000000)
  eden space 14336K, 0% used [0x00000000d5580000,0x00000000d5580000,0x00000000d6380000)
  from space 1536K, 82% used [0x00000000d6380000,0x00000000d64bded8,0x00000000d6500000)
  to   space 2048K, 0% used [0x00000000d6580000,0x00000000d6580000,0x00000000d6780000)
 ParOldGen       total 68608K, used 56048K [0x0000000080000000, 0x0000000084300000, 0x00000000d5580000)
  object space 68608K, 81% used [0x0000000080000000,0x00000000836bc158,0x0000000084300000)
 Metaspace       used 63763K, committed 65024K, reserved 1114112K
  class space    used 6886K, committed 7488K, reserved 1048576K
}
Event: 59.189 GC heap before
{Heap before GC invocations=43 (full 3):
 PSYoungGen      total 15872K, used 15607K [0x00000000d5580000, 0x00000000d6780000, 0x0000000100000000)
  eden space 14336K, 100% used [0x00000000d5580000,0x00000000d6380000,0x00000000d6380000)
  from space 1536K, 82% used [0x00000000d6380000,0x00000000d64bded8,0x00000000d6500000)
  to   space 2048K, 0% used [0x00000000d6580000,0x00000000d6580000,0x00000000d6780000)
 ParOldGen       total 68608K, used 56048K [0x0000000080000000, 0x0000000084300000, 0x00000000d5580000)
  object space 68608K, 81% used [0x0000000080000000,0x00000000836bc158,0x0000000084300000)
 Metaspace       used 64908K, committed 66240K, reserved 1114112K
  class space    used 7016K, committed 7616K, reserved 1048576K
}
Event: 59.192 GC heap after
{Heap after GC invocations=43 (full 3):
 PSYoungGen      total 16384K, used 1678K [0x00000000d5580000, 0x00000000d6780000, 0x0000000100000000)
  eden space 14336K, 0% used [0x00000000d5580000,0x00000000d5580000,0x00000000d6380000)
  from space 2048K, 81% used [0x00000000d6580000,0x00000000d6723b00,0x00000000d6780000)
  to   space 2048K, 0% used [0x00000000d6380000,0x00000000d6380000,0x00000000d6580000)
 ParOldGen       total 68608K, used 56953K [0x0000000080000000, 0x0000000084300000, 0x00000000d5580000)
  object space 68608K, 83% used [0x0000000080000000,0x000000008379e488,0x0000000084300000)
 Metaspace       used 64908K, committed 66240K, reserved 1114112K
  class space    used 7016K, committed 7616K, reserved 1048576K
}

Dll operation events (10 events):
Event: 0.103 Loaded shared library c:\Users\User\.antigravity\extensions\redhat.java-1.52.0-win32-x64\jre\21.0.9-win32-x86_64\bin\java.dll
Event: 0.315 Loaded shared library c:\Users\User\.antigravity\extensions\redhat.java-1.52.0-win32-x64\jre\21.0.9-win32-x86_64\bin\zip.dll
Event: 0.518 Loaded shared library C:\Users\User\.antigravity\extensions\redhat.java-1.52.0-win32-x64\jre\21.0.9-win32-x86_64\bin\instrument.dll
Event: 0.530 Loaded shared library C:\Users\User\.antigravity\extensions\redhat.java-1.52.0-win32-x64\jre\21.0.9-win32-x86_64\bin\net.dll
Event: 0.536 Loaded shared library C:\Users\User\.antigravity\extensions\redhat.java-1.52.0-win32-x64\jre\21.0.9-win32-x86_64\bin\nio.dll
Event: 0.540 Loaded shared library C:\Users\User\.antigravity\extensions\redhat.java-1.52.0-win32-x64\jre\21.0.9-win32-x86_64\bin\zip.dll
Event: 0.573 Loaded shared library C:\Users\User\.antigravity\extensions\redhat.java-1.52.0-win32-x64\jre\21.0.9-win32-x86_64\bin\jimage.dll
Event: 0.780 Loaded shared library c:\Users\User\.antigravity\extensions\redhat.java-1.52.0-win32-x64\jre\21.0.9-win32-x86_64\bin\verify.dll
Event: 26.678 Loaded shared library C:\Users\User\AppData\Roaming\Antigravity\User\globalStorage\redhat.java\1.52.0\config_win\org.eclipse.equinox.launcher\org.eclipse.equinox.launcher.win32.win32.x86_64_1.2.1500.v20260121-1430\eclipse_11919.dll
Event: 34.618 Loaded shared library C:\Users\User\AppData\Local\Temp\jna-2645995\jna2334009215407409162.dll

Deoptimization events (20 events):
Event: 60.102 Thread 0x0000018e12d92670 Uncommon trap: trap_request=0xffffffde fr.pc=0x0000018dbe77c034 relative=0x0000000000009c74
Event: 60.102 Thread 0x0000018e12d92670 Uncommon trap: reason=class_check action=maybe_recompile pc=0x0000018dbe77c034 method=org.lombokweb.asm.ClassReader.readCode(Lorg/lombokweb/asm/MethodVisitor;Lorg/lombokweb/asm/Context;I)V @ 4265 c2
Event: 60.102 Thread 0x0000018e12d92670 DEOPT PACKING pc=0x0000018dbe77c034 sp=0x00000028c67fc3b0
Event: 60.102 Thread 0x0000018e12d92670 DEOPT UNPACKING pc=0x0000018dbdb53aa2 sp=0x00000028c67fc338 mode 2
Event: 60.293 Thread 0x0000018e12d92670 Uncommon trap: trap_request=0xffffffc6 fr.pc=0x0000018dbe7e1a18 relative=0x0000000000001498
Event: 60.293 Thread 0x0000018e12d92670 Uncommon trap: reason=bimorphic_or_optimized_type_check action=maybe_recompile pc=0x0000018dbe7e1a18 method=org.eclipse.jdt.internal.core.builder.ClasspathLocation.getModulesDeclaringPackage(Ljava/lang/String;Ljava/lang/String;)[[C @ 4 c2
Event: 60.293 Thread 0x0000018e12d92670 DEOPT PACKING pc=0x0000018dbe7e1a18 sp=0x00000028c67fe5a0
Event: 60.293 Thread 0x0000018e12d92670 DEOPT UNPACKING pc=0x0000018dbdb53aa2 sp=0x00000028c67fe590 mode 2
Event: 60.293 Thread 0x0000018e12d92670 Uncommon trap: trap_request=0xffffffc6 fr.pc=0x0000018dbe7e1a18 relative=0x0000000000001498
Event: 60.293 Thread 0x0000018e12d92670 Uncommon trap: reason=bimorphic_or_optimized_type_check action=maybe_recompile pc=0x0000018dbe7e1a18 method=org.eclipse.jdt.internal.core.builder.ClasspathLocation.getModulesDeclaringPackage(Ljava/lang/String;Ljava/lang/String;)[[C @ 4 c2
Event: 60.293 Thread 0x0000018e12d92670 DEOPT PACKING pc=0x0000018dbe7e1a18 sp=0x00000028c67fe5a0
Event: 60.293 Thread 0x0000018e12d92670 DEOPT UNPACKING pc=0x0000018dbdb53aa2 sp=0x00000028c67fe590 mode 2
Event: 60.293 Thread 0x0000018e12d92670 Uncommon trap: trap_request=0xffffff45 fr.pc=0x0000018dbe7e15d8 relative=0x0000000000001058
Event: 60.293 Thread 0x0000018e12d92670 Uncommon trap: reason=unstable_if action=reinterpret pc=0x0000018dbe7e15d8 method=org.eclipse.jdt.internal.core.builder.ClasspathJar.isPackage(Ljava/lang/String;Ljava/lang/String;)Z @ 36 c2
Event: 60.293 Thread 0x0000018e12d92670 DEOPT PACKING pc=0x0000018dbe7e15d8 sp=0x00000028c67fe5a0
Event: 60.293 Thread 0x0000018e12d92670 DEOPT UNPACKING pc=0x0000018dbdb53aa2 sp=0x00000028c67fe530 mode 2
Event: 60.295 Thread 0x0000018e12d92670 Uncommon trap: trap_request=0xffffff45 fr.pc=0x0000018dbe7cbda8 relative=0x0000000000000708
Event: 60.295 Thread 0x0000018e12d92670 Uncommon trap: reason=unstable_if action=reinterpret pc=0x0000018dbe7cbda8 method=org.eclipse.jdt.internal.core.builder.ClasspathJar.isPackage(Ljava/lang/String;Ljava/lang/String;)Z @ 36 c2
Event: 60.295 Thread 0x0000018e12d92670 DEOPT PACKING pc=0x0000018dbe7cbda8 sp=0x00000028c67fe560
Event: 60.295 Thread 0x0000018e12d92670 DEOPT UNPACKING pc=0x0000018dbdb53aa2 sp=0x00000028c67fe520 mode 2

Classes loaded (20 events):
Event: 57.963 Loading class java/util/Collections$EmptyIteratorCustomizer
Event: 57.963 Loading class java/util/Collections$EmptyIteratorCustomizer done
Event: 57.963 Loading class java/util/Collections$EmptyIteratorCustomizer
Event: 57.963 Loading class java/util/Collections$EmptyIteratorCustomizer done
Event: 58.223 Loading class java/util/concurrent/ArrayBlockingQueue
Event: 58.225 Loading class java/util/concurrent/ArrayBlockingQueue done
Event: 58.360 Loading class java/util/Hashtable$ValueCollection
Event: 58.365 Loading class java/util/Hashtable$ValueCollection done
Event: 58.370 Loading class java/util/concurrent/ConcurrentHashMap$KeySpliterator
Event: 58.371 Loading class java/util/concurrent/ConcurrentHashMap$KeySpliterator done
Event: 59.522 Loading class java/util/stream/ReferencePipeline$4
Event: 59.524 Loading class java/util/stream/ReferencePipeline$4 done
Event: 59.524 Loading class java/util/stream/Nodes$IntFixedNodeBuilder
Event: 59.524 Loading class java/util/stream/Node$Builder$OfInt
Event: 59.524 Loading class java/util/stream/Node$Builder$OfInt done
Event: 59.524 Loading class java/util/stream/Nodes$IntArrayNode
Event: 59.524 Loading class java/util/stream/Nodes$IntArrayNode done
Event: 59.524 Loading class java/util/stream/Nodes$IntFixedNodeBuilder done
Event: 59.524 Loading class java/util/stream/ReferencePipeline$4$1
Event: 59.525 Loading class java/util/stream/ReferencePipeline$4$1 done

Classes unloaded (7 events):
Event: 35.534 Thread 0x0000018db34447d0 Unloading class 0x0000018dcb1aac00 'java/lang/invoke/LambdaForm$MH+0x0000018dcb1aac00'
Event: 35.534 Thread 0x0000018db34447d0 Unloading class 0x0000018dcb1aa800 'java/lang/invoke/LambdaForm$MH+0x0000018dcb1aa800'
Event: 35.534 Thread 0x0000018db34447d0 Unloading class 0x0000018dcb1aa400 'java/lang/invoke/LambdaForm$MH+0x0000018dcb1aa400'
Event: 35.534 Thread 0x0000018db34447d0 Unloading class 0x0000018dcb1aa000 'java/lang/invoke/LambdaForm$MH+0x0000018dcb1aa000'
Event: 35.534 Thread 0x0000018db34447d0 Unloading class 0x0000018dcb1a9c00 'java/lang/invoke/LambdaForm$BMH+0x0000018dcb1a9c00'
Event: 35.534 Thread 0x0000018db34447d0 Unloading class 0x0000018dcb1a9800 'java/lang/invoke/LambdaForm$DMH+0x0000018dcb1a9800'
Event: 35.534 Thread 0x0000018db34447d0 Unloading class 0x0000018dcb1a8800 'java/lang/invoke/LambdaForm$DMH+0x0000018dcb1a8800'

Classes redefined (0 events):
No events

Internal exceptions (20 events):
Event: 57.903 Thread 0x0000018e12d92670 Exception <a 'java/lang/ClassNotFoundException'{0x00000000d5d82340}: org/mapstruct/ap/internal/model/assignment/SetterWrapperForCollectionsAndMapsBeanInfo> (0x00000000d5d82340) 
thrown [s\src\hotspot\share\classfile\systemDictionary.cpp, line 312]
Event: 57.903 Thread 0x0000018e12d92670 Exception <a 'java/lang/ClassNotFoundException'{0x00000000d5d8a7a8}: org/mapstruct/ap/internal/model/assignment/WrapperForCollectionsAndMapsBeanInfo> (0x00000000d5d8a7a8) 
thrown [s\src\hotspot\share\classfile\systemDictionary.cpp, line 312]
Event: 57.904 Thread 0x0000018e12d92670 Exception <a 'java/lang/ClassNotFoundException'{0x00000000d5d92e88}: org/mapstruct/ap/internal/model/assignment/WrapperForCollectionsAndMapsCustomizer> (0x00000000d5d92e88) 
thrown [s\src\hotspot\share\classfile\systemDictionary.cpp, line 312]
Event: 57.905 Thread 0x0000018e12d92670 Exception <a 'java/lang/ClassNotFoundException'{0x00000000d5da2f50}: org/mapstruct/ap/internal/model/assignment/SetterWrapperForCollectionsAndMapsCustomizer> (0x00000000d5da2f50) 
thrown [s\src\hotspot\share\classfile\systemDictionary.cpp, line 312]
Event: 57.923 Thread 0x0000018e12d92670 Exception <a 'java/lang/ClassNotFoundException'{0x00000000d5ddea80}: org/mapstruct/ap/internal/model/IterableMappingMethodBeanInfo> (0x00000000d5ddea80) 
thrown [s\src\hotspot\share\classfile\systemDictionary.cpp, line 312]
Event: 57.923 Thread 0x0000018e12d92670 Exception <a 'java/lang/ClassNotFoundException'{0x00000000d5de5100}: org/mapstruct/ap/internal/model/ContainerMappingMethodBeanInfo> (0x00000000d5de5100) 
thrown [s\src\hotspot\share\classfile\systemDictionary.cpp, line 312]
Event: 57.923 Thread 0x0000018e12d92670 Exception <a 'java/lang/ClassNotFoundException'{0x00000000d5deb750}: org/mapstruct/ap/internal/model/ContainerMappingMethodCustomizer> (0x00000000d5deb750) 
thrown [s\src\hotspot\share\classfile\systemDictionary.cpp, line 312]
Event: 57.924 Thread 0x0000018e12d92670 Exception <a 'java/lang/ClassNotFoundException'{0x00000000d5e02bb8}: org/mapstruct/ap/internal/model/IterableMappingMethodCustomizer> (0x00000000d5e02bb8) 
thrown [s\src\hotspot\share\classfile\systemDictionary.cpp, line 312]
Event: 57.948 Thread 0x0000018e12d92670 Exception <a 'java/lang/ClassNotFoundException'{0x00000000d5e75710}: org/mapstruct/ap/internal/model/IterableCreationBeanInfo> (0x00000000d5e75710) 
thrown [s\src\hotspot\share\classfile\systemDictionary.cpp, line 312]
Event: 57.948 Thread 0x0000018e12d92670 Exception <a 'java/lang/ClassNotFoundException'{0x00000000d5e7bff0}: org/mapstruct/ap/internal/model/IterableCreationCustomizer> (0x00000000d5e7bff0) 
thrown [s\src\hotspot\share\classfile\systemDictionary.cpp, line 312]
Event: 57.952 Thread 0x0000018e12d92670 Exception <a 'java/lang/ClassNotFoundException'{0x00000000d5eb4d68}: org/mapstruct/ap/internal/model/common/ImplementationTypeBeanInfo> (0x00000000d5eb4d68) 
thrown [s\src\hotspot\share\classfile\systemDictionary.cpp, line 312]
Event: 57.953 Thread 0x0000018e12d92670 Exception <a 'java/lang/ClassNotFoundException'{0x00000000d5ebd020}: org/mapstruct/ap/internal/model/common/ImplementationTypeCustomizer> (0x00000000d5ebd020) 
thrown [s\src\hotspot\share\classfile\systemDictionary.cpp, line 312]
Event: 57.963 Thread 0x0000018e12d92670 Exception <a 'java/lang/ClassNotFoundException'{0x00000000d5eeb3c0}: java/util/Collections$EmptyIteratorBeanInfo> (0x00000000d5eeb3c0) 
thrown [s\src\hotspot\share\classfile\systemDictionary.cpp, line 312]
Event: 57.963 Thread 0x0000018e12d92670 Exception <a 'java/lang/ClassNotFoundException'{0x00000000d5eeeaf0}: java/util/Collections$EmptyIteratorCustomizer> (0x00000000d5eeeaf0) 
thrown [s\src\hotspot\share\classfile\systemDictionary.cpp, line 312]
Event: 58.313 Thread 0x0000018e123f0cf0 Exception <a 'java/lang/NoSuchMethodError'{0x00000000d5ad5eb0}: 'void java.lang.invoke.DirectMethodHandle$Holder.invokeStatic(java.lang.Object, int, java.lang.Object)'> (0x00000000d5ad5eb0) 
thrown [s\src\hotspot\share\interpreter\linkResolver.cpp, line 773]
Event: 58.376 Thread 0x0000018e12d92670 Exception <a 'java/lang/NoSuchMethodError'{0x00000000d5bbf848}: 'java.lang.Object java.lang.invoke.DirectMethodHandle$Holder.newInvokeSpecial(java.lang.Object, java.lang.Object, int, int, java.lang.Object)'> (0x00000000d5bbf848) 
thrown [s\src\hotspot\share\interpreter\linkResolver.cpp, line 773]
Event: 58.564 Thread 0x0000018e123f0cf0 Exception <a 'java/lang/NoSuchMethodError'{0x00000000d5ee63d0}: 'java.lang.Object java.lang.invoke.DirectMethodHandle$Holder.invokeStatic(java.lang.Object, java.lang.Object, int, java.lang.Object, java.lang.Object)'> (0x00000000d5ee63d0) 
thrown [s\src\hotspot\share\interpreter\linkResolver.cpp, line 773]
Event: 60.170 Thread 0x0000018e12d92670 Exception <a 'sun/nio/fs/WindowsException'{0x00000000d5e10e98}> (0x00000000d5e10e98) 
thrown [s\src\hotspot\share\prims\jni.cpp, line 520]
Event: 60.171 Thread 0x0000018e121e34c0 Exception <a 'sun/nio/fs/WindowsException'{0x00000000d5e131a8}> (0x00000000d5e131a8) 
thrown [s\src\hotspot\share\prims\jni.cpp, line 520]
Event: 60.172 Thread 0x0000018e121e0d60 Exception <a 'sun/nio/fs/WindowsException'{0x00000000d5e17198}> (0x00000000d5e17198) 
thrown [s\src\hotspot\share\prims\jni.cpp, line 520]

ZGC Phase Switch (0 events):
No events

VM Operations (20 events):
Event: 58.506 Executing VM operation: HandshakeAllThreads (Deoptimize) done
Event: 58.528 Executing VM operation: HandshakeAllThreads (Deoptimize)
Event: 58.528 Executing VM operation: HandshakeAllThreads (Deoptimize) done
Event: 58.899 Executing VM operation: HandshakeAllThreads (Deoptimize)
Event: 58.915 Executing VM operation: HandshakeAllThreads (Deoptimize) done
Event: 58.929 Executing VM operation: HandshakeAllThreads (Deoptimize)
Event: 58.946 Executing VM operation: HandshakeAllThreads (Deoptimize) done
Event: 59.189 Executing VM operation: ParallelGCFailedAllocation (Allocation Failure)
Event: 59.192 Executing VM operation: ParallelGCFailedAllocation (Allocation Failure) done
Event: 59.518 Executing VM operation: HandshakeAllThreads (Deoptimize)
Event: 59.518 Executing VM operation: HandshakeAllThreads (Deoptimize) done
Event: 59.810 Executing VM operation: HandshakeAllThreads (Deoptimize)
Event: 59.861 Executing VM operation: HandshakeAllThreads (Deoptimize) done
Event: 59.867 Executing VM operation: ICBufferFull
Event: 59.892 Executing VM operation: ICBufferFull done
Event: 60.309 Executing VM operation: HandshakeAllThreads (HandshakeForDeflation)
Event: 60.309 Executing VM operation: HandshakeAllThreads (HandshakeForDeflation) done
Event: 60.309 Executing VM operation: RendezvousGCThreads
Event: 60.309 Executing VM operation: RendezvousGCThreads done
Event: 60.812 Executing VM operation: ParallelGCFailedAllocation (Allocation Failure)

Memory protections (0 events):
No events

Nmethod flushes (20 events):
Event: 55.492 Thread 0x0000018db34447d0 flushing  nmethod 0x0000018db7102310
Event: 55.492 Thread 0x0000018db34447d0 flushing osr nmethod 0x0000018db710c810
Event: 55.492 Thread 0x0000018db34447d0 flushing osr nmethod 0x0000018db7113010
Event: 55.492 Thread 0x0000018db34447d0 flushing osr nmethod 0x0000018db7151010
Event: 55.492 Thread 0x0000018db34447d0 flushing osr nmethod 0x0000018db715c410
Event: 55.492 Thread 0x0000018db34447d0 flushing  nmethod 0x0000018db7166c90
Event: 55.492 Thread 0x0000018db34447d0 flushing  nmethod 0x0000018db7168890
Event: 55.492 Thread 0x0000018db34447d0 flushing  nmethod 0x0000018db718a610
Event: 55.492 Thread 0x0000018db34447d0 flushing  nmethod 0x0000018db7195010
Event: 55.492 Thread 0x0000018db34447d0 flushing  nmethod 0x0000018db7196810
Event: 55.492 Thread 0x0000018db34447d0 flushing  nmethod 0x0000018db719c510
Event: 55.492 Thread 0x0000018db34447d0 flushing  nmethod 0x0000018db71ef890
Event: 55.492 Thread 0x0000018db34447d0 flushing  nmethod 0x0000018db71f5290
Event: 55.492 Thread 0x0000018db34447d0 flushing  nmethod 0x0000018db71f5890
Event: 55.492 Thread 0x0000018db34447d0 flushing  nmethod 0x0000018db71f5f90
Event: 55.492 Thread 0x0000018db34447d0 flushing  nmethod 0x0000018db71f6810
Event: 55.492 Thread 0x0000018db34447d0 flushing  nmethod 0x0000018db71f6e10
Event: 55.492 Thread 0x0000018db34447d0 flushing  nmethod 0x0000018db71faa90
Event: 55.492 Thread 0x0000018db34447d0 flushing  nmethod 0x0000018db7215a10
Event: 55.492 Thread 0x0000018db34447d0 flushing  nmethod 0x0000018db721a810

Events (20 events):
Event: 57.121 Thread 0x0000018e0c4adad0 Thread added: 0x0000018e15dd3f40
Event: 57.182 Thread 0x0000018e0c525f00 Thread added: 0x0000018e169bbf20
Event: 57.194 Thread 0x0000018e15dd3f40 Thread added: 0x0000018e13021c10
Event: 58.226 Thread 0x0000018e12d92670 Thread added: 0x0000018e123f0cf0
Event: 58.359 Thread 0x0000018e13021c10 Thread exited: 0x0000018e13021c10
Event: 58.377 Thread 0x0000018e12d92670 Thread added: 0x0000018e123f1380
Event: 58.444 Thread 0x0000018e12d92670 Thread added: 0x0000018e123f3450
Event: 58.444 Thread 0x0000018e12d92670 Thread added: 0x0000018e123f1a10
Event: 58.464 Thread 0x0000018e12d92670 Thread added: 0x0000018e123f2dc0
Event: 58.478 Thread 0x0000018e12d92670 Thread added: 0x0000018e16e98f70
Event: 58.483 Thread 0x0000018e12d92670 Thread added: 0x0000018e16e9a9b0
Event: 58.491 Thread 0x0000018e12d92670 Thread added: 0x0000018e16e99600
Event: 58.508 Thread 0x0000018e12d92670 Thread added: 0x0000018e16e9ca80
Event: 58.605 Thread 0x0000018e12d92670 Thread added: 0x0000018e16e9d110
Event: 58.616 Thread 0x0000018e12d92670 Thread added: 0x0000018e16e99c90
Event: 58.634 Thread 0x0000018e12d92670 Thread added: 0x0000018e16e9c3f0
Event: 58.785 Thread 0x0000018e12d92670 Thread added: 0x0000018e16e9d7a0
Event: 59.014 Thread 0x0000018e12d92670 Thread added: 0x0000018e16e9a320
Event: 59.014 Thread 0x0000018e12d92670 Thread added: 0x0000018e16e9e4c0
Event: 61.298 Thread 0x0000018e15dd3f40 Thread exited: 0x0000018e15dd3f40


Dynamic libraries:
0x00007ff7f7e50000 - 0x00007ff7f7e5e000 	c:\Users\User\.antigravity\extensions\redhat.java-1.52.0-win32-x64\jre\21.0.9-win32-x86_64\bin\java.exe
0x00007ff86afa0000 - 0x00007ff86b207000 	C:\WINDOWS\SYSTEM32\ntdll.dll
0x00007ff86a1d0000 - 0x00007ff86a299000 	C:\WINDOWS\System32\KERNEL32.DLL
0x00007ff8683a0000 - 0x00007ff86878f000 	C:\WINDOWS\System32\KERNELBASE.dll
0x00007ff868ac0000 - 0x00007ff868c0b000 	C:\WINDOWS\System32\ucrtbase.dll
0x00007ff85c360000 - 0x00007ff85c378000 	c:\Users\User\.antigravity\extensions\redhat.java-1.52.0-win32-x64\jre\21.0.9-win32-x86_64\bin\jli.dll
0x00007ff86aa00000 - 0x00007ff86abc5000 	C:\WINDOWS\System32\USER32.dll
0x00007ff868920000 - 0x00007ff868947000 	C:\WINDOWS\System32\win32u.dll
0x00007ff86a1a0000 - 0x00007ff86a1cb000 	C:\WINDOWS\System32\GDI32.dll
0x00007ff868c10000 - 0x00007ff868d3c000 	C:\WINDOWS\System32\gdi32full.dll
0x00007ff8680f0000 - 0x00007ff868193000 	C:\WINDOWS\System32\msvcp_win.dll
0x00007ff83df20000 - 0x00007ff83e1b3000 	C:\WINDOWS\WinSxS\amd64_microsoft.windows.common-controls_6595b64144ccf1df_6.0.26100.7309_none_3e05feeae336a044\COMCTL32.dll
0x00007ff86a2a0000 - 0x00007ff86a349000 	C:\WINDOWS\System32\msvcrt.dll
0x00007ff853140000 - 0x00007ff85315e000 	c:\Users\User\.antigravity\extensions\redhat.java-1.52.0-win32-x64\jre\21.0.9-win32-x86_64\bin\VCRUNTIME140.dll
0x00007ff86ada0000 - 0x00007ff86add1000 	C:\WINDOWS\System32\IMM32.DLL
0x00007ff85cc40000 - 0x00007ff85cc4c000 	c:\Users\User\.antigravity\extensions\redhat.java-1.52.0-win32-x64\jre\21.0.9-win32-x86_64\bin\vcruntime140_1.dll
0x00007ff828490000 - 0x00007ff82851d000 	c:\Users\User\.antigravity\extensions\redhat.java-1.52.0-win32-x64\jre\21.0.9-win32-x86_64\bin\msvcp140.dll
0x00007fffae9b0000 - 0x00007fffaf750000 	c:\Users\User\.antigravity\extensions\redhat.java-1.52.0-win32-x64\jre\21.0.9-win32-x86_64\bin\server\jvm.dll
0x00007ff86a450000 - 0x00007ff86a504000 	C:\WINDOWS\System32\ADVAPI32.dll
0x00007ff8699c0000 - 0x00007ff869a66000 	C:\WINDOWS\System32\sechost.dll
0x00007ff86abe0000 - 0x00007ff86acf8000 	C:\WINDOWS\System32\RPCRT4.dll
0x00007ff868d90000 - 0x00007ff868e04000 	C:\WINDOWS\System32\WS2_32.dll
0x00007ff867850000 - 0x00007ff8678ae000 	C:\WINDOWS\SYSTEM32\POWRPROF.dll
0x00007ff857820000 - 0x00007ff857855000 	C:\WINDOWS\SYSTEM32\WINMM.dll
0x00007ff85df80000 - 0x00007ff85df8b000 	C:\WINDOWS\SYSTEM32\VERSION.dll
0x00007ff867830000 - 0x00007ff867844000 	C:\WINDOWS\SYSTEM32\UMPDC.dll
0x00007ff866e60000 - 0x00007ff866e7b000 	C:\WINDOWS\SYSTEM32\kernel.appcore.dll
0x00007ff85c350000 - 0x00007ff85c35a000 	c:\Users\User\.antigravity\extensions\redhat.java-1.52.0-win32-x64\jre\21.0.9-win32-x86_64\bin\jimage.dll
0x00007ff865840000 - 0x00007ff865a82000 	C:\WINDOWS\SYSTEM32\DBGHELP.DLL
0x00007ff86a510000 - 0x00007ff86a896000 	C:\WINDOWS\System32\combase.dll
0x00007ff86a040000 - 0x00007ff86a116000 	C:\WINDOWS\System32\OLEAUT32.dll
0x00007ff83ca30000 - 0x00007ff83ca6c000 	C:\WINDOWS\SYSTEM32\dbgcore.DLL
0x00007ff8681a0000 - 0x00007ff868245000 	C:\WINDOWS\System32\bcryptPrimitives.dll
0x00007ff85bdd0000 - 0x00007ff85bddf000 	c:\Users\User\.antigravity\extensions\redhat.java-1.52.0-win32-x64\jre\21.0.9-win32-x86_64\bin\instrument.dll
0x00007ff8520d0000 - 0x00007ff8520f0000 	c:\Users\User\.antigravity\extensions\redhat.java-1.52.0-win32-x64\jre\21.0.9-win32-x86_64\bin\java.dll
0x00007ff868e40000 - 0x00007ff869593000 	C:\WINDOWS\System32\SHELL32.dll
0x00007ff868950000 - 0x00007ff868aba000 	C:\WINDOWS\System32\wintypes.dll
0x00007ff865cd0000 - 0x00007ff86652e000 	C:\WINDOWS\SYSTEM32\windows.storage.dll
0x00007ff86a8a0000 - 0x00007ff86a995000 	C:\WINDOWS\System32\SHCORE.dll
0x00007ff86a120000 - 0x00007ff86a186000 	C:\WINDOWS\System32\shlwapi.dll
0x00007ff868010000 - 0x00007ff868039000 	C:\WINDOWS\SYSTEM32\profapi.dll
0x00007ff8444e0000 - 0x00007ff8444f8000 	c:\Users\User\.antigravity\extensions\redhat.java-1.52.0-win32-x64\jre\21.0.9-win32-x86_64\bin\zip.dll
0x00007ff857030000 - 0x00007ff857040000 	C:\Users\User\.antigravity\extensions\redhat.java-1.52.0-win32-x64\jre\21.0.9-win32-x86_64\bin\net.dll
0x00007ff85d650000 - 0x00007ff85d778000 	C:\WINDOWS\SYSTEM32\WINHTTP.dll
0x00007ff8673b0000 - 0x00007ff86741b000 	C:\WINDOWS\system32\mswsock.dll
0x00007ff856300000 - 0x00007ff856316000 	C:\Users\User\.antigravity\extensions\redhat.java-1.52.0-win32-x64\jre\21.0.9-win32-x86_64\bin\nio.dll
0x00007ff8558f0000 - 0x00007ff855900000 	c:\Users\User\.antigravity\extensions\redhat.java-1.52.0-win32-x64\jre\21.0.9-win32-x86_64\bin\verify.dll
0x00007ff856fa0000 - 0x00007ff856fe5000 	C:\Users\User\AppData\Roaming\Antigravity\User\globalStorage\redhat.java\1.52.0\config_win\org.eclipse.equinox.launcher\org.eclipse.equinox.launcher.win32.win32.x86_64_1.2.1500.v20260121-1430\eclipse_11919.dll
0x00007ff869800000 - 0x00007ff869997000 	C:\WINDOWS\System32\ole32.dll
0x00007ff8678c0000 - 0x00007ff8678db000 	C:\WINDOWS\SYSTEM32\CRYPTSP.dll
0x00007ff866dc0000 - 0x00007ff866dfa000 	C:\WINDOWS\system32\rsaenh.dll
0x00007ff867460000 - 0x00007ff86748b000 	C:\WINDOWS\SYSTEM32\USERENV.dll
0x00007ff867fe0000 - 0x00007ff86800a000 	C:\WINDOWS\SYSTEM32\bcrypt.dll
0x00007ff867600000 - 0x00007ff86760c000 	C:\WINDOWS\SYSTEM32\CRYPTBASE.dll
0x00007ff866900000 - 0x00007ff866934000 	C:\WINDOWS\SYSTEM32\IPHLPAPI.DLL
0x00007ff86ad00000 - 0x00007ff86ad0a000 	C:\WINDOWS\System32\NSI.dll
0x00007ff845650000 - 0x00007ff845699000 	C:\Users\User\AppData\Local\Temp\jna-2645995\jna2334009215407409162.dll
0x00007ff86a190000 - 0x00007ff86a198000 	C:\WINDOWS\System32\PSAPI.DLL
0x00007ff85d910000 - 0x00007ff85d92e000 	C:\WINDOWS\SYSTEM32\dhcpcsvc6.DLL
0x00007ff85d8b0000 - 0x00007ff85d8d3000 	C:\WINDOWS\SYSTEM32\dhcpcsvc.DLL

JVMTI agents:
c:\Users\User\.antigravity\extensions\redhat.java-1.52.0-win32-x64\lombok\lombok-1.18.39-4050.jar path:c:\Users\User\.antigravity\extensions\redhat.java-1.52.0-win32-x64\jre\21.0.9-win32-x86_64\bin\instrument.dll, loaded, initialized, instrumentlib options:none

dbghelp: loaded successfully - version: 4.0.5 - missing functions: none
symbol engine: initialized successfully - sym options: 0x614 - pdb path: .;c:\Users\User\.antigravity\extensions\redhat.java-1.52.0-win32-x64\jre\21.0.9-win32-x86_64\bin;C:\WINDOWS\SYSTEM32;C:\WINDOWS\WinSxS\amd64_microsoft.windows.common-controls_6595b64144ccf1df_6.0.26100.7309_none_3e05feeae336a044;c:\Users\User\.antigravity\extensions\redhat.java-1.52.0-win32-x64\jre\21.0.9-win32-x86_64\bin\server;C:\Users\User\AppData\Roaming\Antigravity\User\globalStorage\redhat.java\1.52.0\config_win\org.eclipse.equinox.launcher\org.eclipse.equinox.launcher.win32.win32.x86_64_1.2.1500.v20260121-1430;C:\Users\User\AppData\Local\Temp\jna-2645995

VM Arguments:
jvm_args: --add-modules=ALL-SYSTEM --add-opens=java.base/java.util=ALL-UNNAMED --add-opens=java.base/java.lang=ALL-UNNAMED --add-opens=java.base/sun.nio.fs=ALL-UNNAMED -Declipse.application=org.eclipse.jdt.ls.core.id1 -Dosgi.bundles.defaultStartLevel=4 -Declipse.product=org.eclipse.jdt.ls.core.product -Djava.import.generatesMetadataFilesAtProjectRoot=false -DDetectVMInstallationsJob.disabled=true -Dfile.encoding=utf8 -XX:+UseParallelGC -XX:GCTimeRatio=4 -XX:AdaptiveSizePolicyWeight=90 -Dsun.zip.disableMemoryMapping=true -Xmx2G -Xms100m -Xlog:disable -javaagent:c:\Users\User\.antigravity\extensions\redhat.java-1.52.0-win32-x64\lombok\lombok-1.18.39-4050.jar -XX:+HeapDumpOnOutOfMemoryError -XX:HeapDumpPath=c:\Users\User\AppData\Roaming\Antigravity\User\workspaceStorage\d88f9f9e4123cd8df2f724d8958c9b79\redhat.java -Daether.dependencyCollector.impl=bf 
java_command: c:\Users\User\.antigravity\extensions\redhat.java-1.52.0-win32-x64\server\plugins\org.eclipse.equinox.launcher_1.7.100.v20251111-0406.jar -configuration c:\Users\User\AppData\Roaming\Antigravity\User\globalStorage\redhat.java\1.52.0\config_win -data c:\Users\User\AppData\Roaming\Antigravity\User\workspaceStorage\d88f9f9e4123cd8df2f724d8958c9b79\redhat.java\jdt_ws --pipe=\\.\pipe\lsp-a32e038bbce960b8d44df616f9b9f14c-sock
java_class_path (initial): c:\Users\User\.antigravity\extensions\redhat.java-1.52.0-win32-x64\server\plugins\org.eclipse.equinox.launcher_1.7.100.v20251111-0406.jar
Launcher Type: SUN_STANDARD

[Global flags]
    uintx AdaptiveSizePolicyWeight                 = 90                                        {product} {command line}
     intx CICompilerCount                          = 12                                        {product} {ergonomic}
    uintx GCTimeRatio                              = 4                                         {product} {command line}
     bool HeapDumpOnOutOfMemoryError               = true                                   {manageable} {command line}
    ccstr HeapDumpPath                             = c:\Users\User\AppData\Roaming\Antigravity\User\workspaceStorage\d88f9f9e4123cd8df2f724d8958c9b79\redhat.java         {manageable} {command line}
   size_t InitialHeapSize                          = 104857600                                 {product} {command line}
   size_t MaxHeapSize                              = 2147483648                                {product} {command line}
   size_t MaxNewSize                               = 715653120                                 {product} {ergonomic}
   size_t MinHeapDeltaBytes                        = 524288                                    {product} {ergonomic}
   size_t MinHeapSize                              = 104857600                                 {product} {command line}
   size_t NewSize                                  = 34603008                                  {product} {ergonomic}
    uintx NonNMethodCodeHeapSize                   = 7602480                                {pd product} {ergonomic}
    uintx NonProfiledCodeHeapSize                  = 122027880                              {pd product} {ergonomic}
   size_t OldSize                                  = 70254592                                  {product} {ergonomic}
    uintx ProfiledCodeHeapSize                     = 122027880                              {pd product} {ergonomic}
    uintx ReservedCodeCacheSize                    = 251658240                              {pd product} {ergonomic}
     bool SegmentedCodeCache                       = true                                      {product} {ergonomic}
   size_t SoftMaxHeapSize                          = 2147483648                             {manageable} {ergonomic}
     bool UseCompressedOops                        = true                           {product lp64_product} {ergonomic}
     bool UseLargePagesIndividualAllocation        = false                                  {pd product} {ergonomic}
     bool UseParallelGC                            = true                                      {product} {command line}

Logging:
Log output configuration:
 #0: stdout all=off uptime,level,tags foldmultilines=false
 #1: stderr all=off uptime,level,tags foldmultilines=false

Release file:
JAVA_VERSION="21.0.9" 
MODULES="java.base java.compiler java.datatransfer java.xml java.prefs java.desktop java.instrument java.logging java.management java.security.sasl java.naming java.rmi java.management.rmi java.net.http java.scripting java.security.jgss java.transaction.xa java.sql java.sql.rowset java.xml.crypto java.se java.smartcardio jdk.accessibility jdk.internal.jvmstat jdk.attach jdk.charsets jdk.internal.opt jdk.zipfs jdk.compiler jdk.crypto.ec jdk.crypto.cryptoki jdk.crypto.mscapi jdk.dynalink jdk.internal.ed jdk.editpad jdk.hotspot.agent jdk.httpserver jdk.internal.le jdk.internal.vm.ci jdk.internal.vm.compiler jdk.internal.vm.compiler.management jdk.jartool jdk.javadoc jdk.jcmd jdk.management jdk.management.agent jdk.jconsole jdk.jdeps jdk.jdwp.agent jdk.jdi jdk.jfr jdk.jshell jdk.jsobject jdk.jstatd jdk.localedata jdk.management.jfr jdk.naming.dns jdk.naming.rmi jdk.net jdk.nio.mapmode jdk.random jdk.sctp jdk.security.auth jdk.security.jgss jdk.unsupported jdk.unsupported.desktop jdk.xml.dom" 

Environment Variables:
PATH=C:\Program Files\Common Files\Oracle\Java\javapath;C:\WINDOWS\system32;C:\WINDOWS;C:\WINDOWS\System32\Wbem;C:\WINDOWS\System32\WindowsPowerShell\v1.0\;C:\WINDOWS\System32\OpenSSH\;C:\Program Files (x86)\NVIDIA Corporation\PhysX\Common;C:\Program Files\Git\cmd;C:\Program Files\NVIDIA Corporation\NVIDIA App\NvDLISR;C:\Program Files\cursor\resources\app\bin;C:\Program Files\Docker\Docker\resources\bin;C:\Program Files\nodejs\;C:\Users\User\AppData\Local\Microsoft\WindowsApps;C:\Users\User\AppData\Local\GitHubDesktop\bin;C:\Users\User\AppData\Local\Programs\Microsoft VS Code\bin;C:\Users\User\AppData\Local\Programs\Antigravity\bin;C:\Users\User\AppData\Roaming\npm;C:\Users\User\AppData\Local\Python\bin
USERNAME=User
OS=Windows_NT
PROCESSOR_IDENTIFIER=Intel64 Family 6 Model 186 Stepping 2, GenuineIntel
TMP=C:\Users\User\AppData\Local\Temp
TEMP=C:\Users\User\AppData\Local\Temp




Periodic native trim disabled

---------------  S Y S T E M  ---------------

OS:
 Windows 11 , 64 bit Build 26100 (10.0.26100.7623)
OS uptime: 5 days 20:27 hours
Hyper-V role detected

CPU: total 16 (initial active 16) (8 cores per cpu, 2 threads per core) family 6 model 186 stepping 2 microcode 0x5103, cx8, cmov, fxsr, ht, mmx, 3dnowpref, sse, sse2, sse3, ssse3, sse4.1, sse4.2, popcnt, lzcnt, tsc, tscinvbit, avx, avx2, aes, erms, clmul, bmi1, bmi2, adx, sha, fma, vzeroupper, clflush, clflushopt, clwb, hv, serialize, rdtscp, rdpid, fsrm, f16c, cet_ibt, cet_ss
Processor Information for processor 0
  Max Mhz: 2400, Current Mhz: 2400, Mhz Limit: 2400
Processor Information for processor 1
  Max Mhz: 2400, Current Mhz: 2400, Mhz Limit: 2400
Processor Information for processor 2
  Max Mhz: 2400, Current Mhz: 2400, Mhz Limit: 2400
Processor Information for processor 3
  Max Mhz: 2400, Current Mhz: 1520, Mhz Limit: 2400
Processor Information for processor 4
  Max Mhz: 2400, Current Mhz: 2400, Mhz Limit: 2400
Processor Information for processor 5
  Max Mhz: 2400, Current Mhz: 2400, Mhz Limit: 2400
Processor Information for processor 6
  Max Mhz: 2400, Current Mhz: 2400, Mhz Limit: 2400
Processor Information for processor 7
  Max Mhz: 2400, Current Mhz: 2400, Mhz Limit: 2400
Processor Information for processor 8
  Max Mhz: 2400, Current Mhz: 2400, Mhz Limit: 2400
Processor Information for processor 9
  Max Mhz: 2400, Current Mhz: 2400, Mhz Limit: 2400
Processor Information for processor 10
  Max Mhz: 2400, Current Mhz: 2400, Mhz Limit: 2400
Processor Information for processor 11
  Max Mhz: 2400, Current Mhz: 2400, Mhz Limit: 2400
Processor Information for processor 12
  Max Mhz: 2400, Current Mhz: 2400, Mhz Limit: 2400
Processor Information for processor 13
  Max Mhz: 2400, Current Mhz: 2400, Mhz Limit: 2400
Processor Information for processor 14
  Max Mhz: 2400, Current Mhz: 2400, Mhz Limit: 2400
Processor Information for processor 15
  Max Mhz: 2400, Current Mhz: 2400, Mhz Limit: 2400

Memory: 4k page, system-wide physical 16087M (1247M free)
TotalPageFile size 24279M (AvailPageFile size 201M)
current process WorkingSet (physical memory assigned to process): 308M, peak: 309M
current process commit charge ("private bytes"): 411M, peak: 411M

vm_info: OpenJDK 64-Bit Server VM (21.0.9+10-LTS) for windows-amd64 JRE (21.0.9+10-LTS), built on 2025-10-21T00:00:00Z by "admin" with unknown MS VC++:1942

END.
